  Microsoft (R) C/C++ Optimizing Compiler Version 19.16.27035 for x64
  Copyright (C) Microsoft Corporation.  All rights reserved.
  
  cl /c /I"C:\Program Files\PCL 1.8.1\3rdParty\VTK\include\vtk-8.0" /I"C:\Program Files\PCL 1.8.1\include\pcl-1.8" /I"C:\Program Files\PCL 1.8.1\3rdParty\Eigen\eigen3" /I"C:\Program Files\PCL 1.8.1\3rdParty\Boost\include\boost-1_64" /I"C:\Program Files\OpenNI2\Include" /I"C:\Program Files\PCL 1.8.1\3rdParty\FLANN\include" /I\include /I"C:\Program Files (x86)\Intel RealSense SDK 2.0\include" /I"C:\dev2\pilot2\cwipc_realsense2\third-party\tinyXML" /IC:\dev2\pilot2\cwipc_realsense2\include /IC:\dev2\pilot2\install\include /I"C:\Program Files\PCL 1.8.1\3rdParty\VTK\include" /W3 /WX- /diagnostics:classic /O2 /Ob2 /D WIN32 /D _WINDOWS /D NDEBUG /D __SSSE3__ /D __SSE2__ /D __SSE__ /D "vtkIOExport_AUTOINIT=1(vtkIOExportOpenGL)" /D "vtkRenderingContext2D_AUTOINIT=1(vtkRenderingContextOpenGL)" /D "vtkRenderingCore_INCLUDE=\"C:/dev2/pilot2/cwipc_realsense2/bin/CMakeFiles/vtkRenderingCore_AUTOINIT_vtkInteractionStyle_vtkRenderingFreeType_vtkRenderingOpenGL.h\"" /D "vtkRenderingVolume_AUTOINIT=1(vtkRenderingVolumeOpenGL)" /D BOOST_ALL_NO_LIB /D DISABLE_OPENNI /D DISABLE_ENSENSO /D DISABLE_DAVIDSDK /D DISABLE_DSSDK /D DISABLE_RSSDK /D DISABLE_PCAP /D DISABLE_PNG /D FLANN_STATIC /D "CMAKE_INTDIR=\"Release\"" /D cwipc_realsense2_EXPORTS /D _WINDLL /D _MBCS /Gm- /EHsc /MD /GS /fp:precise /Zc:wchar_t /Zc:forScope /Zc:inline /GR /Fo"cwipc_realsense2.dir\Release\\" /Fd"cwipc_realsense2.dir\Release\vc141.pdb" /Gd /TP /FC /errorReport:prompt C:\dev2\pilot2\cwipc_realsense2\src\MFCamera.cpp C:\dev2\pilot2\cwipc_realsense2\src\MFCapture.cpp C:\dev2\pilot2\cwipc_realsense2\src\MFOffline.cpp C:\dev2\pilot2\cwipc_realsense2\src\MFOfflineCamera.cpp C:\dev2\pilot2\cwipc_realsense2\src\cwipc_realsense2.cpp C:\dev2\pilot2\cwipc_realsense2\src\multiFrame.cpp C:\dev2\pilot2\cwipc_realsense2\src\utils.cpp
  
  MFCamera.cpp
c:\program files (x86)\intel realsense sdk 2.0\include\librealsense2\rsutil.h(55): warning C4244: 'initializing': conversion from 'double' to 'float', possible loss of data
c:\program files (x86)\intel realsense sdk 2.0\include\librealsense2\rsutil.h(105): warning C4244: 'initializing': conversion from 'double' to 'float', possible loss of data
c:\program files (x86)\intel realsense sdk 2.0\include\librealsense2\rsutil.h(207): warning C4244: 'initializing': conversion from 'double' to 'float', possible loss of data
  Unknown compiler version - please run the configure tests and report the results
c:\dev2\pilot2\cwipc_realsense2\include\cwipc_realsense2\stb_image_write.h(222): warning C4996: 'fopen': This function or variable may be unsafe. Consider using fopen_s instead. To disable deprecation, use _CRT_SECURE_NO_WARNINGS. See online help for details.
  c:\program files (x86)\windows kits\10\include\10.0.17134.0\ucrt\stdio.h(208): note: see declaration of 'fopen'
c:\dev2\pilot2\cwipc_realsense2\include\cwipc_realsense2\stb_image_write.h(616): warning C4996: 'sprintf': This function or variable may be unsafe. Consider using sprintf_s instead. To disable deprecation, use _CRT_SECURE_NO_WARNINGS. See online help for details.
  c:\program files (x86)\windows kits\10\include\10.0.17134.0\ucrt\stdio.h(1774): note: see declaration of 'sprintf'
c:\dev2\pilot2\cwipc_realsense2\include\cwipc_realsense2\stb_image_write.h(998): warning C4996: 'fopen': This function or variable may be unsafe. Consider using fopen_s instead. To disable deprecation, use _CRT_SECURE_NO_WARNINGS. See online help for details.
  c:\program files (x86)\windows kits\10\include\10.0.17134.0\ucrt\stdio.h(208): note: see declaration of 'fopen'
  MFCapture.cpp
  Unknown compiler version - please run the configure tests and report the results
c:\dev2\pilot2\cwipc_realsense2\src\mfcapture.cpp(187): warning C4996: 'getenv': This function or variable may be unsafe. Consider using _dupenv_s instead. To disable deprecation, use _CRT_SECURE_NO_WARNINGS. See online help for details.
  c:\program files (x86)\windows kits\10\include\10.0.17134.0\ucrt\stdlib.h(1191): note: see declaration of 'getenv'
  MFOffline.cpp
  Unknown compiler version - please run the configure tests and report the results
  MFOfflineCamera.cpp
  Unknown compiler version - please run the configure tests and report the results
  cwipc_realsense2.cpp
  Unknown compiler version - please run the configure tests and report the results
  multiFrame.cpp
  Unknown compiler version - please run the configure tests and report the results
c:\dev2\pilot2\cwipc_realsense2\src\multiframe.cpp(19): warning C4996: 'sprintf': This function or variable may be unsafe. Consider using sprintf_s instead. To disable deprecation, use _CRT_SECURE_NO_WARNINGS. See online help for details.
  c:\program files (x86)\windows kits\10\include\10.0.17134.0\ucrt\stdio.h(1774): note: see declaration of 'sprintf'
  utils.cpp
  Unknown compiler version - please run the configure tests and report the results
  Generating Code...
     Creating library C:/dev2/pilot2/cwipc_realsense2/bin/lib/Release/cwipc_realsense2.lib and object C:/dev2/pilot2/cwipc_realsense2/bin/lib/Release/cwipc_realsense2.exp
cwipc_realsense2.obj : warning LNK4217: locally defined symbol ??0MFCapture@@QEAA@PEBD@Z (public: __cdecl MFCapture::MFCapture(char const *)) imported in function cwipc_realsense2
cwipc_realsense2.obj : warning LNK4217: locally defined symbol ??1MFCapture@@UEAA@XZ (public: virtual __cdecl MFCapture::~MFCapture(void)) imported in function "public: virtual void * __cdecl MFCapture::`scalar deleting destructor'(unsigned int)" (??_GMFCapture@@UEAAPEAXI@Z)
cwipc_realsense2.obj : warning LNK4217: locally defined symbol ?get_pointcloud@MFCapture@@QEAA?AV?$shared_ptr@V?$PointCloud@UPointXYZRGBMask@@@pcl@@@boost@@PEA_K@Z (public: class boost::shared_ptr<class pcl::PointCloud<struct PointXYZRGBMask> > __cdecl MFCapture::get_pointcloud(unsigned __int64 *)) imported in function "public: virtual class cwipc * __cdecl cwipc_source_realsense2_impl::get(void)" (?get@cwipc_source_realsense2_impl@@UEAAPEAVcwipc@@XZ)
cwipc_realsense2.obj : warning LNK4217: locally defined symbol ?pointcloud_available@MFCapture@@QEAA_N_N@Z (public: bool __cdecl MFCapture::pointcloud_available(bool)) imported in function "public: virtual bool __cdecl cwipc_source_realsense2_impl::available(bool)" (?available@cwipc_source_realsense2_impl@@UEAA_N_N@Z)
cwipc_realsense2.obj : warning LNK4217: locally defined symbol ?get_pointSize@MFCapture@@QEAAMXZ (public: float __cdecl MFCapture::get_pointSize(void)) imported in function "public: virtual class cwipc * __cdecl cwipc_source_realsense2_impl::get(void)" (?get@cwipc_source_realsense2_impl@@UEAAPEAVcwipc@@XZ)
cwipc_realsense2.obj : warning LNK4217: locally defined symbol ??0MFOffline@@QEAA@AEAUMFOfflineSettings@@PEBD@Z (public: __cdecl MFOffline::MFOffline(struct MFOfflineSettings &,char const *)) imported in function cwipc_rs2offline
cwipc_realsense2.obj : warning LNK4217: locally defined symbol ?feed_image_data@MFOffline@@QEAA_NHHPEAX_K01@Z (public: bool __cdecl MFOffline::feed_image_data(int,int,void *,unsigned __int64,void *,unsigned __int64)) imported in function "public: virtual bool __cdecl cwipc_source_rs2offline_impl::feed(int,int,void *,unsigned __int64,void *,unsigned __int64)" (?feed@cwipc_source_rs2offline_impl@@UEAA_NHHPEAX_K01@Z)
cwipc_realsense2.obj : warning LNK4217: locally defined symbol ??1MFOffline@@UEAA@XZ (public: virtual __cdecl MFOffline::~MFOffline(void)) imported in function "public: virtual void * __cdecl MFOffline::`scalar deleting destructor'(unsigned int)" (??_GMFOffline@@UEAAPEAXI@Z)
utils.obj : warning LNK4217: locally defined symbol ?LinkEndChild@TiXmlNode@@QEAAPEAV1@PEAV1@@Z (public: class TiXmlNode * __cdecl TiXmlNode::LinkEndChild(class TiXmlNode *)) imported in function "void __cdecl mf_config2file(char const *,struct MFCaptureConfig *)" (?mf_config2file@@YAXPEBDPEAUMFCaptureConfig@@@Z)
utils.obj : warning LNK4217: locally defined symbol ?NextSiblingElement@TiXmlNode@@QEAAPEAVTiXmlElement@@PEBD@Z (public: class TiXmlElement * __cdecl TiXmlNode::NextSiblingElement(char const *)) imported in function "bool __cdecl mf_file2config(char const *,struct MFCaptureConfig *)" (?mf_file2config@@YA_NPEBDPEAUMFCaptureConfig@@@Z)
utils.obj : warning LNK4217: locally defined symbol ?FirstChildElement@TiXmlNode@@QEBAPEBVTiXmlElement@@PEBD@Z (public: class TiXmlElement const * __cdecl TiXmlNode::FirstChildElement(char const *)const ) imported in function "bool __cdecl mf_file2config(char const *,struct MFCaptureConfig *)" (?mf_file2config@@YA_NPEBDPEAUMFCaptureConfig@@@Z)
utils.obj : warning LNK4217: locally defined symbol ??0TiXmlElement@@QEAA@PEBD@Z (public: __cdecl TiXmlElement::TiXmlElement(char const *)) imported in function "void __cdecl mf_config2file(char const *,struct MFCaptureConfig *)" (?mf_config2file@@YAXPEBDPEAUMFCaptureConfig@@@Z)
utils.obj : warning LNK4217: locally defined symbol ??1TiXmlElement@@UEAA@XZ (public: virtual __cdecl TiXmlElement::~TiXmlElement(void)) imported in function "public: virtual void * __cdecl TiXmlElement::`scalar deleting destructor'(unsigned int)" (??_GTiXmlElement@@UEAAPEAXI@Z)
utils.obj : warning LNK4217: locally defined symbol ?Attribute@TiXmlElement@@QEBAPEBDPEBD@Z (public: char const * __cdecl TiXmlElement::Attribute(char const *)const ) imported in function "bool __cdecl mf_file2config(char const *,struct MFCaptureConfig *)" (?mf_file2config@@YA_NPEBDPEAUMFCaptureConfig@@@Z)
utils.obj : warning LNK4217: locally defined symbol ?QueryIntAttribute@TiXmlElement@@QEBAHPEBDPEAH@Z (public: int __cdecl TiXmlElement::QueryIntAttribute(char const *,int *)const ) imported in function "bool __cdecl mf_file2config(char const *,struct MFCaptureConfig *)" (?mf_file2config@@YA_NPEBDPEAUMFCaptureConfig@@@Z)
utils.obj : warning LNK4217: locally defined symbol ?QueryBoolAttribute@TiXmlElement@@QEBAHPEBDPEA_N@Z (public: int __cdecl TiXmlElement::QueryBoolAttribute(char const *,bool *)const ) imported in function "bool __cdecl mf_file2config(char const *,struct MFCaptureConfig *)" (?mf_file2config@@YA_NPEBDPEAUMFCaptureConfig@@@Z)
utils.obj : warning LNK4217: locally defined symbol ?QueryDoubleAttribute@TiXmlElement@@QEBAHPEBDPEAN@Z (public: int __cdecl TiXmlElement::QueryDoubleAttribute(char const *,double *)const ) imported in function "bool __cdecl mf_file2config(char const *,struct MFCaptureConfig *)" (?mf_file2config@@YA_NPEBDPEAUMFCaptureConfig@@@Z)
utils.obj : warning LNK4217: locally defined symbol ?SetAttribute@TiXmlElement@@QEAAXPEBD0@Z (public: void __cdecl TiXmlElement::SetAttribute(char const *,char const *)) imported in function "void __cdecl mf_config2file(char const *,struct MFCaptureConfig *)" (?mf_config2file@@YAXPEBDPEAUMFCaptureConfig@@@Z)
utils.obj : warning LNK4217: locally defined symbol ?SetAttribute@TiXmlElement@@QEAAXPEBDH@Z (public: void __cdecl TiXmlElement::SetAttribute(char const *,int)) imported in function "void __cdecl mf_config2file(char const *,struct MFCaptureConfig *)" (?mf_config2file@@YAXPEBDPEAUMFCaptureConfig@@@Z)
utils.obj : warning LNK4217: locally defined symbol ?SetDoubleAttribute@TiXmlElement@@QEAAXPEBDN@Z (public: void __cdecl TiXmlElement::SetDoubleAttribute(char const *,double)) imported in function "void __cdecl mf_config2file(char const *,struct MFCaptureConfig *)" (?mf_config2file@@YAXPEBDPEAUMFCaptureConfig@@@Z)
utils.obj : warning LNK4217: locally defined symbol ??0TiXmlComment@@QEAA@PEBD@Z (public: __cdecl TiXmlComment::TiXmlComment(char const *)) imported in function "void __cdecl mf_config2file(char const *,struct MFCaptureConfig *)" (?mf_config2file@@YAXPEBDPEAUMFCaptureConfig@@@Z)
utils.obj : warning LNK4217: locally defined symbol ??1TiXmlComment@@UEAA@XZ (public: virtual __cdecl TiXmlComment::~TiXmlComment(void)) imported in function "public: virtual void * __cdecl TiXmlComment::`scalar deleting destructor'(unsigned int)" (??_GTiXmlComment@@UEAAPEAXI@Z)
utils.obj : warning LNK4217: locally defined symbol ??0TiXmlDeclaration@@QEAA@PEBD00@Z (public: __cdecl TiXmlDeclaration::TiXmlDeclaration(char const *,char const *,char const *)) imported in function "void __cdecl mf_config2file(char const *,struct MFCaptureConfig *)" (?mf_config2file@@YAXPEBDPEAUMFCaptureConfig@@@Z)
utils.obj : warning LNK4217: locally defined symbol ??1TiXmlDeclaration@@UEAA@XZ (public: virtual __cdecl TiXmlDeclaration::~TiXmlDeclaration(void)) imported in function "public: virtual void * __cdecl TiXmlDeclaration::`scalar deleting destructor'(unsigned int)" (??_GTiXmlDeclaration@@UEAAPEAXI@Z)
utils.obj : warning LNK4217: locally defined symbol ??0TiXmlDocument@@QEAA@XZ (public: __cdecl TiXmlDocument::TiXmlDocument(void)) imported in function "void __cdecl mf_config2file(char const *,struct MFCaptureConfig *)" (?mf_config2file@@YAXPEBDPEAUMFCaptureConfig@@@Z)
utils.obj : warning LNK4217: locally defined symbol ??0TiXmlDocument@@QEAA@PEBD@Z (public: __cdecl TiXmlDocument::TiXmlDocument(char const *)) imported in function "bool __cdecl mf_file2config(char const *,struct MFCaptureConfig *)" (?mf_file2config@@YA_NPEBDPEAUMFCaptureConfig@@@Z)
utils.obj : warning LNK4217: locally defined symbol ??1TiXmlDocument@@UEAA@XZ (public: virtual __cdecl TiXmlDocument::~TiXmlDocument(void)) imported in function "void __cdecl mf_config2file(char const *,struct MFCaptureConfig *)" (?mf_config2file@@YAXPEBDPEAUMFCaptureConfig@@@Z)
utils.obj : warning LNK4217: locally defined symbol ?LoadFile@TiXmlDocument@@QEAA_NW4TiXmlEncoding@@@Z (public: bool __cdecl TiXmlDocument::LoadFile(enum TiXmlEncoding)) imported in function "bool __cdecl mf_file2config(char const *,struct MFCaptureConfig *)" (?mf_file2config@@YA_NPEBDPEAUMFCaptureConfig@@@Z)
utils.obj : warning LNK4217: locally defined symbol ?SaveFile@TiXmlDocument@@QEBA_NPEBD@Z (public: bool __cdecl TiXmlDocument::SaveFile(char const *)const ) imported in function "void __cdecl mf_config2file(char const *,struct MFCaptureConfig *)" (?mf_config2file@@YAXPEBDPEAUMFCaptureConfig@@@Z)
utils.obj : warning LNK4217: locally defined symbol ?FirstChild@TiXmlHandle@@QEBA?AV1@PEBD@Z (public: class TiXmlHandle __cdecl TiXmlHandle::FirstChild(char const *)const ) imported in function "bool __cdecl mf_file2config(char const *,struct MFCaptureConfig *)" (?mf_file2config@@YA_NPEBDPEAUMFCaptureConfig@@@Z)
utils.obj : warning LNK4217: locally defined symbol ?ToElement@TiXmlHandle@@QEBAPEAVTiXmlElement@@XZ (public: class TiXmlElement * __cdecl TiXmlHandle::ToElement(void)const ) imported in function "bool __cdecl mf_file2config(char const *,struct MFCaptureConfig *)" (?mf_file2config@@YA_NPEBDPEAUMFCaptureConfig@@@Z)
  cwipc_realsense2.vcxproj -> C:\dev2\pilot2\cwipc_realsense2\bin\bin\Release\cwipc_realsense2.dll
